<?xml version="1.0" encoding="UTF-8"?>
<testng-results ignored="0" total="1" passed="1" failed="0" skipped="0">
  <reporter-output>
  </reporter-output>
  <suite started-at="2025-05-25T09:58:06 IST" name="Default suite" finished-at="2025-05-25T09:58:10 IST" duration-ms="3405">
    <groups>
    </groups>
    <test started-at="2025-05-25T09:58:06 IST" name="Default test" finished-at="2025-05-25T09:58:10 IST" duration-ms="3405">
      <class name="com.sevenmarket.tests.LoginTest">
        <test-method is-config="true" signature="launchBrowser()[pri:0, instance:com.sevenmarket.tests.LoginTest@40005471]" started-at="2025-05-25T09:58:06 IST" name="launchBrowser" finished-at="2025-05-25T09:58:09 IST" duration-ms="2560" status="PASS">
          <reporter-output>
          </reporter-output>
        </test-method> <!-- launchBrowser -->
        <test-method signature="dummyTestCase()[pri:0, instance:com.sevenmarket.tests.LoginTest@40005471]" started-at="2025-05-25T09:58:09 IST" name="dummyTestCase" finished-at="2025-05-25T09:58:09 IST" duration-ms="604" status="PASS">
          <reporter-output>
          </reporter-output>
        </test-method> <!-- dummyTestCase -->
        <test-method is-config="true" signature="terminateSession(org.testng.ITestResult)[pri:0, instance:com.sevenmarket.tests.LoginTest@40005471]" started-at="2025-05-25T09:58:09 IST" name="terminateSession" finished-at="2025-05-25T09:58:10 IST" duration-ms="207" status="PASS">
          <params>
            <param index="0">
              <value>
                <![CDATA[[TestResult name=dummyTestCase status=SUCCESS method=LoginTest.dummyTestCase()[pri:0, instance:com.sevenmarket.tests.LoginTest@40005471] output={null}]]]>
              </value>
            </param>
          </params>
          <reporter-output>
          </reporter-output>
        </test-method> <!-- terminateSession -->
      </class> <!-- com.sevenmarket.tests.LoginTest -->
    </test> <!-- Default test -->
  </suite> <!-- Default suite -->
</testng-results>
