<?xml version="1.0" encoding="UTF-8"?>
<!-- Generated by org.testng.reporters.JUnitXMLReporter -->
<testsuite ignored="2" hostname="DIAS" failures="0" tests="1" name="Default test" time="3.405" errors="0" timestamp="2025-05-25T09:58:10 IST">
  <testcase classname="com.sevenmarket.tests.LoginTest" name="dummyTestCase" time="0.604"/>
  <testcase classname="com.sevenmarket.tests.LoginTest" name="verifyValidLogin" time="0.0">
    <ignored/>
  </testcase> <!-- verifyValidLogin -->
  <testcase classname="com.sevenmarket.tests.LoginTest" name="verifyInvalidLogin" time="0.0">
    <ignored/>
  </testcase> <!-- verifyInvalidLogin -->
</testsuite> <!-- Default test -->
