<?xml version="1.0" encoding="UTF-8"?>
<!-- Generated by org.testng.reporters.JUnitXMLReporter -->
<testsuite ignored="1" hostname="DIAS" failures="0" tests="3" name="LoginTestCase" time="8.724" errors="0" timestamp="2025-05-23T03:28:32 IST">
  <testcase classname="com.sevenmarket.tests.LoginTest" name="verifyInvalidLogin" time="0.55"/>
  <testcase classname="com.sevenmarket.tests.LoginTest" name="verifyValidLogin" time="0.663"/>
  <testcase classname="com.sevenmarket.tests.HomeTest" name="verifyAdminUserMoreInfoClick" time="0.868"/>
  <testcase classname="com.sevenmarket.tests.AdminUsersTest" name="verifyTableHeaderText" time="0.0">
    <ignored/>
  </testcase> <!-- verifyTableHeaderText -->
</testsuite> <!-- LoginTestCase -->
