<?xml version="1.0" encoding="UTF-8"?>
<!-- Generated by org.testng.reporters.JUnitXMLReporter -->
<testsuite ignored="0" hostname="DIAS" failures="0" tests="2" name="RunningInEdge" time="38.56" errors="0" timestamp="2025-05-23T02:57:50 IST">
  <testcase classname="com.sevenmarket.tests.LoginTest" name="verifyInvalidLogin" time="0.001">
    <skipped/>
  </testcase> <!-- verifyInvalidLogin -->
  <testcase classname="com.sevenmarket.tests.LoginTest" name="verifyValidLogin" time="0.001">
    <skipped/>
  </testcase> <!-- verifyValidLogin -->
</testsuite> <!-- RunningInEdge -->
